#
# There is insufficient memory for the Java Runtime Environment to continue.
# Native memory allocation (mmap) failed to map 65536 bytes for Failed to commit metaspace.
# Possible reasons:
#   The system is out of physical RAM or swap space
#   The process is running with CompressedOops enabled, and the Java Heap may be blocking the growth of the native heap
# Possible solutions:
#   Reduce memory load on the system
#   Increase physical memory or swap space
#   Check if swap backing store is full
#   Decrease Java heap size (-Xmx/-Xms)
#   Decrease number of Java threads
#   Decrease Java thread stack sizes (-Xss)
#   Set larger code cache with -XX:ReservedCodeCacheSize=
#   JVM is running with Zero Based Compressed Oops mode in which the Java heap is
#     placed in the first 32GB address space. The Java Heap base address is the
#     maximum limit for the native heap growth. Please use -XX:HeapBaseMinAddress
#     to set the Java Heap base and to place the Java Heap above 32GB virtual address.
# This output file may be truncated or incomplete.
#
#  Out of Memory Error (virtualSpaceNode.cpp:110), pid=12888, tid=7072
#
# JRE version: OpenJDK Runtime Environment Temurin-17.0.10+7 (17.0.10+7) (build 17.0.10+7)
# Java VM: OpenJDK 64-Bit Server VM Temurin-17.0.10+7 (17.0.10+7, mixed mode, emulated-client, tiered, compressed oops, compressed class ptrs, g1 gc, windows-amd64)
# No core dump will be written. Minidumps are not enabled by default on client versions of Windows
#

---------------  S U M M A R Y ------------

Command Line: -Dcom.sun.management.jmxremote -Dcom.sun.management.jmxremote.port=52177 -Dcom.sun.management.jmxremote.authenticate=false -Dcom.sun.management.jmxremote.ssl=false -Djava.rmi.server.hostname=localhost -Dspring.jmx.enabled=true -Dmanagement.endpoints.jmx.exposure.include=* -Dspring.application.admin.enabled=true -XX:TieredStopAtLevel=1 -Dspring.boot.project.name=dailyNT -Dfile.encoding=UTF-8 -Dstdout.encoding=UTF-8 -Dstderr.encoding=UTF-8 -XX:+ShowCodeDetailsInExceptionMessages com.avi6.DailyNtApplication --spring.output.ansi.enabled=always

Host: Intel(R) Core(TM) i5-8400 CPU @ 2.80GHz, 6 cores, 15G,  Windows 11 , 64 bit Build 22621 (10.0.22621.3672)
Time: Tue Jun 18 17:35:52 2024  Windows 11 , 64 bit Build 22621 (10.0.22621.3672) elapsed time: 0.190717 seconds (0d 0h 0m 0s)

---------------  T H R E A D  ---------------

Current thread (0x000001b640cb5460):  JavaThread "main" [_thread_in_vm, id=7072, stack(0x000000b0aa000000,0x000000b0aa100000)]

Stack: [0x000000b0aa000000,0x000000b0aa100000]
Native frames: (J=compiled Java code, j=interpreted, Vv=VM code, C=native code)
V  [jvm.dll+0x67d2c9]
V  [jvm.dll+0x834afa]
V  [jvm.dll+0x8365be]
V  [jvm.dll+0x836c23]
V  [jvm.dll+0x2477ff]
V  [jvm.dll+0x8307bb]
V  [jvm.dll+0x621d16]
V  [jvm.dll+0x621d7a]
V  [jvm.dll+0x6245aa]
V  [jvm.dll+0x6226b6]
V  [jvm.dll+0x23bd4f]
V  [jvm.dll+0x62c565]
V  [jvm.dll+0x1eb80b]
V  [jvm.dll+0x1ebd45]
V  [jvm.dll+0x1ec800]
V  [jvm.dll+0x1e1c01]
V  [jvm.dll+0x5427ce]
V  [jvm.dll+0x1f2647]
V  [jvm.dll+0x7adf9b]
V  [jvm.dll+0x7af36c]
V  [jvm.dll+0x7af6b8]
V  [jvm.dll+0x23face]
V  [jvm.dll+0x38260e]
C  0x000001b6443799a4

The last pc belongs to new (printed below).
Java frames: (J=compiled Java code, j=interpreted, Vv=VM code)
j  sun.nio.fs.NativeBuffers.allocNativeBuffer(I)Lsun/nio/fs/NativeBuffer;+11 java.base@17.0.10
j  sun.nio.fs.NativeBuffers.getNativeBuffer(I)Lsun/nio/fs/NativeBuffer;+17 java.base@17.0.10
j  sun.nio.fs.WindowsFileAttributes.get(Lsun/nio/fs/WindowsPath;Z)Lsun/nio/fs/WindowsFileAttributes;+10 java.base@17.0.10
j  sun.nio.fs.WindowsFileAttributeViews$Basic.readAttributes()Lsun/nio/fs/WindowsFileAttributes;+15 java.base@17.0.10
j  sun.nio.fs.WindowsFileAttributeViews$Basic.readAttributes()Ljava/nio/file/attribute/BasicFileAttributes;+1 java.base@17.0.10
j  sun.nio.fs.WindowsFileSystemProvider.readAttributes(Ljava/nio/file/Path;Ljava/lang/Class;[Ljava/nio/file/LinkOption;)Ljava/nio/file/attribute/BasicFileAttributes;+57 java.base@17.0.10
j  java.nio.file.Files.readAttributes(Ljava/nio/file/Path;Ljava/lang/Class;[Ljava/nio/file/LinkOption;)Ljava/nio/file/attribute/BasicFileAttributes;+7 java.base@17.0.10
j  java.util.zip.ZipFile$Source.get(Ljava/io/File;ZLjava/util/zip/ZipCoder;)Ljava/util/zip/ZipFile$Source;+15 java.base@17.0.10
j  java.util.zip.ZipFile$CleanableResource.<init>(Ljava/util/zip/ZipFile;Ljava/util/zip/ZipCoder;Ljava/io/File;I)V+56 java.base@17.0.10
j  java.util.zip.ZipFile.<init>(Ljava/io/File;ILjava/nio/charset/Charset;)V+123 java.base@17.0.10
j  java.util.zip.ZipFile.<init>(Ljava/io/File;I)V+6 java.base@17.0.10
j  java.util.jar.JarFile.<init>(Ljava/io/File;ZILjava/lang/Runtime$Version;)V+3 java.base@17.0.10
j  jdk.internal.loader.URLClassPath$JarLoader.getJarFile(Ljava/net/URL;)Ljava/util/jar/JarFile;+56 java.base@17.0.10
j  jdk.internal.loader.URLClassPath$JarLoader$1.run()Ljava/lang/Void;+55 java.base@17.0.10
j  jdk.internal.loader.URLClassPath$JarLoader$1.run()Ljava/lang/Object;+1 java.base@17.0.10
j  java.security.AccessController.executePrivileged(Ljava/security/PrivilegedExceptionAction;Ljava/security/AccessControlContext;Ljava/lang/Class;)Ljava/lang/Object;+29 java.base@17.0.10
j  java.security.AccessController.doPrivileged(Ljava/security/PrivilegedExceptionAction;Ljava/security/AccessControlContext;)Ljava/lang/Object;+13 java.base@17.0.10
j  jdk.internal.loader.URLClassPath$JarLoader.ensureOpen()V+19 java.base@17.0.10
j  jdk.internal.loader.URLClassPath$JarLoader.<init>(Ljava/net/URL;Ljava/net/URLStreamHandler;Ljava/util/HashMap;Ljava/security/AccessControlContext;)V+63 java.base@17.0.10
j  jdk.internal.loader.URLClassPath$3.run()Ljdk/internal/loader/URLClassPath$Loader;+168 java.base@17.0.10
j  jdk.internal.loader.URLClassPath$3.run()Ljava/lang/Object;+1 java.base@17.0.10
j  java.security.AccessController.executePrivileged(Ljava/security/PrivilegedExceptionAction;Ljava/security/AccessControlContext;Ljava/lang/Class;)Ljava/lang/Object;+29 java.base@17.0.10
j  java.security.AccessController.doPrivileged(Ljava/security/PrivilegedExceptionAction;Ljava/security/AccessControlContext;)Ljava/lang/Object;+13 java.base@17.0.10
j  jdk.internal.loader.URLClassPath.getLoader(Ljava/net/URL;)Ljdk/internal/loader/URLClassPath$Loader;+13 java.base@17.0.10
j  jdk.internal.loader.URLClassPath.getLoader(I)Ljdk/internal/loader/URLClassPath$Loader;+81 java.base@17.0.10
j  jdk.internal.loader.URLClassPath$1.next()Z+24 java.base@17.0.10
j  jdk.internal.loader.URLClassPath$1.hasMoreElements()Z+1 java.base@17.0.10
j  jdk.internal.loader.BuiltinClassLoader$1.hasNext()Z+43 java.base@17.0.10
j  jdk.internal.loader.BuiltinClassLoader$1.hasMoreElements()Z+1 java.base@17.0.10
j  java.lang.CompoundEnumeration.next()Z+33 java.base@17.0.10
j  java.lang.CompoundEnumeration.hasMoreElements()Z+1 java.base@17.0.10
j  java.util.ServiceLoader$LazyClassPathLookupIterator.nextProviderClass()Ljava/lang/Class;+152 java.base@17.0.10
j  java.util.ServiceLoader$LazyClassPathLookupIterator.hasNextService()Z+15 java.base@17.0.10
j  java.util.ServiceLoader$LazyClassPathLookupIterator.hasNext()Z+11 java.base@17.0.10
j  java.util.ServiceLoader$2.hasNext()Z+16 java.base@17.0.10
j  java.util.ServiceLoader$3.hasNext()Z+32 java.base@17.0.10
j  jdk.internal.logger.BootstrapLogger$DetectBackend$1.run()Ljdk/internal/logger/BootstrapLogger$LoggingBackend;+13 java.base@17.0.10
j  jdk.internal.logger.BootstrapLogger$DetectBackend$1.run()Ljava/lang/Object;+1 java.base@17.0.10
j  java.security.AccessController.executePrivileged(Ljava/security/PrivilegedAction;Ljava/security/AccessControlContext;Ljava/lang/Class;)Ljava/lang/Object;+29 java.base@17.0.10
j  java.security.AccessController.doPrivileged(Ljava/security/PrivilegedAction;)Ljava/lang/Object;+5 java.base@17.0.10
j  jdk.internal.logger.BootstrapLogger$DetectBackend.<clinit>()V+7 java.base@17.0.10
v  ~StubRoutines::call_stub
j  jdk.internal.logger.BootstrapLogger.useLazyLoggers()Z+6 java.base@17.0.10
j  jdk.internal.logger.LazyLoggers.getLazyLogger(Ljava/lang/String;Ljava/lang/Module;)Ljava/lang/System$Logger;+0 java.base@17.0.10
j  jdk.internal.logger.LazyLoggers.getLogger(Ljava/lang/String;Ljava/lang/Module;)Ljava/lang/System$Logger;+9 java.base@17.0.10
j  java.lang.System.getLogger(Ljava/lang/String;)Ljava/lang/System$Logger;+29 java.base@17.0.10
j  sun.management.jmxremote.ConnectorBootstrap.<clinit>()V+9 jdk.management.agent@17.0.10
v  ~StubRoutines::call_stub
j  jdk.internal.agent.Agent.startAgent(Ljava/util/Properties;)V+48 jdk.management.agent@17.0.10
j  jdk.internal.agent.Agent.startAgent()V+20 jdk.management.agent@17.0.10
v  ~StubRoutines::call_stub
new  187 new  [0x000001b644379800, 0x000001b644379a20]  544 bytes
[MachCode]
  0x000001b644379800: 4883 ec08 | c5fa 1104 | 24eb 1f48 | 83ec 10c5 | fb11 0424 | eb14 4883 | ec10 4889 | 0424 48c7 
  0x000001b644379820: 4424 0800 | 0000 00eb | 0150 410f | b755 010f | cac1 ea10 | 488b 4de8 | 488b 4908 | 488b 4908 
  0x000001b644379840: 488b 4108 | 807c 1004 | 070f 85df | 0000 0066 | 8b54 d148 | 488b 4928 | 488b 4cd1 | 0851 80b9 
  0x000001b644379860: 3301 0000 | 040f 85c2 | 0000 008b | 5108 f7c2 | 0100 0000 | 0f85 b300 | 0000 498b | 8708 0100 
  0x000001b644379880: 0048 8d1c | 1049 3b9f | 1801 0000 | 0f87 9b00 | 0000 4989 | 9f08 0100 | 00e9 0000 | 0000 4883 
  0x000001b6443798a0: ea10 0f84 | 0f00 0000 | 33c9 c1ea | 0348 894c | d008 48ff | ca75 f648 | c700 0100 | 0000 5933 
  0x000001b6443798c0: f689 700c | 49ba 0000 | 0000 0800 | 0000 492b | ca89 4808 | 49ba 7a35 | 78d7 fd7f | 0000 4180 
  0x000001b6443798e0: 3a00 0f84 | 4000 0000 | 5048 8bc8 | 4883 ec20 | f7c4 0f00 | 0000 0f84 | 1a00 0000 | 4883 ec08 
  0x000001b644379900: 49ba 2030 | 2ed7 fd7f | 0000 41ff | d248 83c4 | 08e9 0d00 | 0000 49ba | 2030 2ed7 | fd7f 0000 
  0x000001b644379920: 41ff d248 | 83c4 2058 | e9cd 0000 | 0059 488b | 55e8 488b | 5208 488b | 5208 450f | b745 0141 
  0x000001b644379940: 0fc8 41c1 | e810 e805 | 0000 00e9 | aa00 0000 | 488d 4424 | 084c 896d | c049 8bcf | c5f8 7749 
  0x000001b644379960: 89af a802 | 0000 4989 | 8798 0200 | 0048 83ec | 20f7 c40f | 0000 000f | 841a 0000 | 0048 83ec 
  0x000001b644379980: 0849 bac0 | 25f8 d6fd | 7f00 0041 | ffd2 4883 | c408 e90d | 0000 0049 | bac0 25f8 | d6fd 7f00 
  0x000001b6443799a0: 0041 ffd2 | 4883 c420 | 49c7 8798 | 0200 0000 | 0000 0049 | c787 a802 | 0000 0000 | 0000 49c7 
  0x000001b6443799c0: 87a0 0200 | 0000 0000 | 00c5 f877 | 4981 7f08 | 0000 0000 | 0f84 0500 | 0000 e921 | 75fe ff49 
  0x000001b6443799e0: 8b87 f002 | 0000 49c7 | 87f0 0200 | 0000 0000 | 004c 8b6d | c04c 8b75 | c8c3 410f | b65d 0349 
  0x000001b644379a00: 83c5 0349 | ba90 a17a | d7fd 7f00 | 0041 ff24 | da0f 1f80 | 0000 0000 | 0000 0000 | 0000 0000 
[/MachCode]

---------------  P R O C E S S  ---------------

Threads class SMR info:
_java_thread_list=0x000001b6534edd30, length=13, elements={
0x000001b640cb5460, 0x000001b6532c97b0, 0x000001b6532ccaf0, 0x000001b653331430,
0x000001b653331e00, 0x000001b653307f50, 0x000001b653308820, 0x000001b6533090f0,
0x000001b65334f750, 0x000001b653255e50, 0x000001b6534c2a70, 0x000001b6534aad90,
0x000001b65350a830
}

Java Threads: ( => current thread )
=>0x000001b640cb5460 JavaThread "main" [_thread_in_vm, id=7072, stack(0x000000b0aa000000,0x000000b0aa100000)]
  0x000001b6532c97b0 JavaThread "Reference Handler" daemon [_thread_blocked, id=8444, stack(0x000000b0aa700000,0x000000b0aa800000)]
  0x000001b6532ccaf0 JavaThread "Finalizer" daemon [_thread_blocked, id=12924, stack(0x000000b0aa800000,0x000000b0aa900000)]
  0x000001b653331430 JavaThread "Signal Dispatcher" daemon [_thread_blocked, id=19316, stack(0x000000b0aa900000,0x000000b0aaa00000)]
  0x000001b653331e00 JavaThread "Attach Listener" daemon [_thread_blocked, id=16672, stack(0x000000b0aaa00000,0x000000b0aab00000)]
  0x000001b653307f50 JavaThread "Service Thread" daemon [_thread_blocked, id=15876, stack(0x000000b0aab00000,0x000000b0aac00000)]
  0x000001b653308820 JavaThread "Monitor Deflation Thread" daemon [_thread_blocked, id=15140, stack(0x000000b0aac00000,0x000000b0aad00000)]
  0x000001b6533090f0 JavaThread "C1 CompilerThread0" daemon [_thread_blocked, id=16668, stack(0x000000b0aad00000,0x000000b0aae00000)]
  0x000001b65334f750 JavaThread "Sweeper thread" daemon [_thread_blocked, id=15540, stack(0x000000b0aae00000,0x000000b0aaf00000)]
  0x000001b653255e50 JavaThread "Common-Cleaner" daemon [_thread_blocked, id=17352, stack(0x000000b0aaf00000,0x000000b0ab000000)]
  0x000001b6534c2a70 JavaThread "C1 CompilerThread1" daemon [_thread_blocked, id=18260, stack(0x000000b0ab000000,0x000000b0ab100000)]
  0x000001b6534aad90 JavaThread "C1 CompilerThread2" daemon [_thread_blocked, id=17508, stack(0x000000b0ab100000,0x000000b0ab200000)]
  0x000001b65350a830 JavaThread "Notification Thread" daemon [_thread_blocked, id=9632, stack(0x000000b0ab200000,0x000000b0ab300000)]

Other Threads:
  0x000001b6532c6ac0 VMThread "VM Thread" [stack: 0x000000b0aa600000,0x000000b0aa700000] [id=12436]
  0x000001b640d223b0 GCTaskThread "GC Thread#0" [stack: 0x000000b0aa100000,0x000000b0aa200000] [id=7792]
  0x000001b640d33770 ConcurrentGCThread "G1 Main Marker" [stack: 0x000000b0aa200000,0x000000b0aa300000] [id=11432]
  0x000001b640d340a0 ConcurrentGCThread "G1 Conc#0" [stack: 0x000000b0aa300000,0x000000b0aa400000] [id=7880]
  0x000001b640d4ecb0 ConcurrentGCThread "G1 Refine#0" [stack: 0x000000b0aa400000,0x000000b0aa500000] [id=12328]
  0x000001b653123040 ConcurrentGCThread "G1 Service" [stack: 0x000000b0aa500000,0x000000b0aa600000] [id=14020]

Threads with active compile tasks:

VM state: not at safepoint (normal execution)

VM Mutex/Monitor currently owned by a thread:  ([mutex/lock_event])
[0x000001b640cb0990] Metaspace_lock - owner thread: 0x000001b640cb5460

Heap address: 0x0000000702400000, size: 4060 MB, Compressed Oops mode: Zero based, Oop shift amount: 3

CDS archive(s) not mapped
Compressed class space mapped at: 0x0000000800000000-0x0000000840000000, reserved size: 1073741824
Narrow klass base: 0x0000000800000000, Narrow klass shift: 0, Narrow klass range: 0x40000000

GC Precious Log:
 CPUs: 6 total, 6 available
 Memory: 16236M
 Large Page Support: Disabled
 NUMA Support: Disabled
 Compressed Oops: Enabled (Zero based)
 Heap Region Size: 2M
 Heap Min Capacity: 8M
 Heap Initial Capacity: 254M
 Heap Max Capacity: 4060M
 Pre-touch: Disabled
 Parallel Workers: 6
 Concurrent Workers: 2
 Concurrent Refinement Workers: 6
 Periodic GC: Disabled

Heap:
 garbage-first heap   total 260096K, used 2048K [0x0000000702400000, 0x0000000800000000)
  region size 2048K, 2 young (4096K), 0 survivors (0K)
 Metaspace       used 5947K, committed 6016K, reserved 1114112K
  class space    used 506K, committed 512K, reserved 1048576K

Heap Regions: E=young(eden), S=young(survivor), O=old, HS=humongous(starts), HC=humongous(continues), CS=collection set, F=free, OA=open archive, CA=closed archive, TAMS=top-at-mark-start (previous, next)
|   0|0x0000000702400000, 0x0000000702400000, 0x0000000702600000|  0%| F|  |TAMS 0x0000000702400000, 0x0000000702400000| Untracked 
|   1|0x0000000702600000, 0x0000000702600000, 0x0000000702800000|  0%| F|  |TAMS 0x0000000702600000, 0x0000000702600000| Untracked 
|   2|0x0000000702800000, 0x0000000702800000, 0x0000000702a00000|  0%| F|  |TAMS 0x0000000702800000, 0x0000000702800000| Untracked 
|   3|0x0000000702a00000, 0x0000000702a00000, 0x0000000702c00000|  0%| F|  |TAMS 0x0000000702a00000, 0x0000000702a00000| Untracked 
|   4|0x0000000702c00000, 0x0000000702c00000, 0x0000000702e00000|  0%| F|  |TAMS 0x0000000702c00000, 0x0000000702c00000| Untracked 
|   5|0x0000000702e00000, 0x0000000702e00000, 0x0000000703000000|  0%| F|  |TAMS 0x0000000702e00000, 0x0000000702e00000| Untracked 
|   6|0x0000000703000000, 0x0000000703000000, 0x0000000703200000|  0%| F|  |TAMS 0x0000000703000000, 0x0000000703000000| Untracked 
|   7|0x0000000703200000, 0x0000000703200000, 0x0000000703400000|  0%| F|  |TAMS 0x0000000703200000, 0x0000000703200000| Untracked 
|   8|0x0000000703400000, 0x0000000703400000, 0x0000000703600000|  0%| F|  |TAMS 0x0000000703400000, 0x0000000703400000| Untracked 
|   9|0x0000000703600000, 0x0000000703600000, 0x0000000703800000|  0%| F|  |TAMS 0x0000000703600000, 0x0000000703600000| Untracked 
|  10|0x0000000703800000, 0x0000000703800000, 0x0000000703a00000|  0%| F|  |TAMS 0x0000000703800000, 0x0000000703800000| Untracked 
|  11|0x0000000703a00000, 0x0000000703a00000, 0x0000000703c00000|  0%| F|  |TAMS 0x0000000703a00000, 0x0000000703a00000| Untracked 
|  12|0x0000000703c00000, 0x0000000703c00000, 0x0000000703e00000|  0%| F|  |TAMS 0x0000000703c00000, 0x0000000703c00000| Untracked 
|  13|0x0000000703e00000, 0x0000000703e00000, 0x0000000704000000|  0%| F|  |TAMS 0x0000000703e00000, 0x0000000703e00000| Untracked 
|  14|0x0000000704000000, 0x0000000704000000, 0x0000000704200000|  0%| F|  |TAMS 0x0000000704000000, 0x0000000704000000| Untracked 
|  15|0x0000000704200000, 0x0000000704200000, 0x0000000704400000|  0%| F|  |TAMS 0x0000000704200000, 0x0000000704200000| Untracked 
|  16|0x0000000704400000, 0x0000000704400000, 0x0000000704600000|  0%| F|  |TAMS 0x0000000704400000, 0x0000000704400000| Untracked 
|  17|0x0000000704600000, 0x0000000704600000, 0x0000000704800000|  0%| F|  |TAMS 0x0000000704600000, 0x0000000704600000| Untracked 
|  18|0x0000000704800000, 0x0000000704800000, 0x0000000704a00000|  0%| F|  |TAMS 0x0000000704800000, 0x0000000704800000| Untracked 
|  19|0x0000000704a00000, 0x0000000704a00000, 0x0000000704c00000|  0%| F|  |TAMS 0x0000000704a00000, 0x0000000704a00000| Untracked 
|  20|0x0000000704c00000, 0x0000000704c00000, 0x0000000704e00000|  0%| F|  |TAMS 0x0000000704c00000, 0x0000000704c00000| Untracked 
|  21|0x0000000704e00000, 0x0000000704e00000, 0x0000000705000000|  0%| F|  |TAMS 0x0000000704e00000, 0x0000000704e00000| Untracked 
|  22|0x0000000705000000, 0x0000000705000000, 0x0000000705200000|  0%| F|  |TAMS 0x0000000705000000, 0x0000000705000000| Untracked 
|  23|0x0000000705200000, 0x0000000705200000, 0x0000000705400000|  0%| F|  |TAMS 0x0000000705200000, 0x0000000705200000| Untracked 
|  24|0x0000000705400000, 0x0000000705400000, 0x0000000705600000|  0%| F|  |TAMS 0x0000000705400000, 0x0000000705400000| Untracked 
|  25|0x0000000705600000, 0x0000000705600000, 0x0000000705800000|  0%| F|  |TAMS 0x0000000705600000, 0x0000000705600000| Untracked 
|  26|0x0000000705800000, 0x0000000705800000, 0x0000000705a00000|  0%| F|  |TAMS 0x0000000705800000, 0x0000000705800000| Untracked 
|  27|0x0000000705a00000, 0x0000000705a00000, 0x0000000705c00000|  0%| F|  |TAMS 0x0000000705a00000, 0x0000000705a00000| Untracked 
|  28|0x0000000705c00000, 0x0000000705c00000, 0x0000000705e00000|  0%| F|  |TAMS 0x0000000705c00000, 0x0000000705c00000| Untracked 
|  29|0x0000000705e00000, 0x0000000705e00000, 0x0000000706000000|  0%| F|  |TAMS 0x0000000705e00000, 0x0000000705e00000| Untracked 
|  30|0x0000000706000000, 0x0000000706000000, 0x0000000706200000|  0%| F|  |TAMS 0x0000000706000000, 0x0000000706000000| Untracked 
|  31|0x0000000706200000, 0x0000000706200000, 0x0000000706400000|  0%| F|  |TAMS 0x0000000706200000, 0x0000000706200000| Untracked 
|  32|0x0000000706400000, 0x0000000706400000, 0x0000000706600000|  0%| F|  |TAMS 0x0000000706400000, 0x0000000706400000| Untracked 
|  33|0x0000000706600000, 0x0000000706600000, 0x0000000706800000|  0%| F|  |TAMS 0x0000000706600000, 0x0000000706600000| Untracked 
|  34|0x0000000706800000, 0x0000000706800000, 0x0000000706a00000|  0%| F|  |TAMS 0x0000000706800000, 0x0000000706800000| Untracked 
|  35|0x0000000706a00000, 0x0000000706a00000, 0x0000000706c00000|  0%| F|  |TAMS 0x0000000706a00000, 0x0000000706a00000| Untracked 
|  36|0x0000000706c00000, 0x0000000706c00000, 0x0000000706e00000|  0%| F|  |TAMS 0x0000000706c00000, 0x0000000706c00000| Untracked 
|  37|0x0000000706e00000, 0x0000000706e00000, 0x0000000707000000|  0%| F|  |TAMS 0x0000000706e00000, 0x0000000706e00000| Untracked 
|  38|0x0000000707000000, 0x0000000707000000, 0x0000000707200000|  0%| F|  |TAMS 0x0000000707000000, 0x0000000707000000| Untracked 
|  39|0x0000000707200000, 0x0000000707200000, 0x0000000707400000|  0%| F|  |TAMS 0x0000000707200000, 0x0000000707200000| Untracked 
|  40|0x0000000707400000, 0x0000000707400000, 0x0000000707600000|  0%| F|  |TAMS 0x0000000707400000, 0x0000000707400000| Untracked 
|  41|0x0000000707600000, 0x0000000707600000, 0x0000000707800000|  0%| F|  |TAMS 0x0000000707600000, 0x0000000707600000| Untracked 
|  42|0x0000000707800000, 0x0000000707800000, 0x0000000707a00000|  0%| F|  |TAMS 0x0000000707800000, 0x0000000707800000| Untracked 
|  43|0x0000000707a00000, 0x0000000707a00000, 0x0000000707c00000|  0%| F|  |TAMS 0x0000000707a00000, 0x0000000707a00000| Untracked 
|  44|0x0000000707c00000, 0x0000000707c00000, 0x0000000707e00000|  0%| F|  |TAMS 0x0000000707c00000, 0x0000000707c00000| Untracked 
|  45|0x0000000707e00000, 0x0000000707e00000, 0x0000000708000000|  0%| F|  |TAMS 0x0000000707e00000, 0x0000000707e00000| Untracked 
|  46|0x0000000708000000, 0x0000000708000000, 0x0000000708200000|  0%| F|  |TAMS 0x0000000708000000, 0x0000000708000000| Untracked 
|  47|0x0000000708200000, 0x0000000708200000, 0x0000000708400000|  0%| F|  |TAMS 0x0000000708200000, 0x0000000708200000| Untracked 
|  48|0x0000000708400000, 0x0000000708400000, 0x0000000708600000|  0%| F|  |TAMS 0x0000000708400000, 0x0000000708400000| Untracked 
|  49|0x0000000708600000, 0x0000000708600000, 0x0000000708800000|  0%| F|  |TAMS 0x0000000708600000, 0x0000000708600000| Untracked 
|  50|0x0000000708800000, 0x0000000708800000, 0x0000000708a00000|  0%| F|  |TAMS 0x0000000708800000, 0x0000000708800000| Untracked 
|  51|0x0000000708a00000, 0x0000000708a00000, 0x0000000708c00000|  0%| F|  |TAMS 0x0000000708a00000, 0x0000000708a00000| Untracked 
|  52|0x0000000708c00000, 0x0000000708c00000, 0x0000000708e00000|  0%| F|  |TAMS 0x0000000708c00000, 0x0000000708c00000| Untracked 
|  53|0x0000000708e00000, 0x0000000708e00000, 0x0000000709000000|  0%| F|  |TAMS 0x0000000708e00000, 0x0000000708e00000| Untracked 
|  54|0x0000000709000000, 0x0000000709000000, 0x0000000709200000|  0%| F|  |TAMS 0x0000000709000000, 0x0000000709000000| Untracked 
|  55|0x0000000709200000, 0x0000000709200000, 0x0000000709400000|  0%| F|  |TAMS 0x0000000709200000, 0x0000000709200000| Untracked 
|  56|0x0000000709400000, 0x0000000709400000, 0x0000000709600000|  0%| F|  |TAMS 0x0000000709400000, 0x0000000709400000| Untracked 
|  57|0x0000000709600000, 0x0000000709600000, 0x0000000709800000|  0%| F|  |TAMS 0x0000000709600000, 0x0000000709600000| Untracked 
|  58|0x0000000709800000, 0x0000000709800000, 0x0000000709a00000|  0%| F|  |TAMS 0x0000000709800000, 0x0000000709800000| Untracked 
|  59|0x0000000709a00000, 0x0000000709a00000, 0x0000000709c00000|  0%| F|  |TAMS 0x0000000709a00000, 0x0000000709a00000| Untracked 
|  60|0x0000000709c00000, 0x0000000709c00000, 0x0000000709e00000|  0%| F|  |TAMS 0x0000000709c00000, 0x0000000709c00000| Untracked 
|  61|0x0000000709e00000, 0x0000000709e00000, 0x000000070a000000|  0%| F|  |TAMS 0x0000000709e00000, 0x0000000709e00000| Untracked 
|  62|0x000000070a000000, 0x000000070a000000, 0x000000070a200000|  0%| F|  |TAMS 0x000000070a000000, 0x000000070a000000| Untracked 
|  63|0x000000070a200000, 0x000000070a200000, 0x000000070a400000|  0%| F|  |TAMS 0x000000070a200000, 0x000000070a200000| Untracked 
|  64|0x000000070a400000, 0x000000070a400000, 0x000000070a600000|  0%| F|  |TAMS 0x000000070a400000, 0x000000070a400000| Untracked 
|  65|0x000000070a600000, 0x000000070a600000, 0x000000070a800000|  0%| F|  |TAMS 0x000000070a600000, 0x000000070a600000| Untracked 
|  66|0x000000070a800000, 0x000000070a800000, 0x000000070aa00000|  0%| F|  |TAMS 0x000000070a800000, 0x000000070a800000| Untracked 
|  67|0x000000070aa00000, 0x000000070aa00000, 0x000000070ac00000|  0%| F|  |TAMS 0x000000070aa00000, 0x000000070aa00000| Untracked 
|  68|0x000000070ac00000, 0x000000070ac00000, 0x000000070ae00000|  0%| F|  |TAMS 0x000000070ac00000, 0x000000070ac00000| Untracked 
|  69|0x000000070ae00000, 0x000000070ae00000, 0x000000070b000000|  0%| F|  |TAMS 0x000000070ae00000, 0x000000070ae00000| Untracked 
|  70|0x000000070b000000, 0x000000070b000000, 0x000000070b200000|  0%| F|  |TAMS 0x000000070b000000, 0x000000070b000000| Untracked 
|  71|0x000000070b200000, 0x000000070b200000, 0x000000070b400000|  0%| F|  |TAMS 0x000000070b200000, 0x000000070b200000| Untracked 
|  72|0x000000070b400000, 0x000000070b400000, 0x000000070b600000|  0%| F|  |TAMS 0x000000070b400000, 0x000000070b400000| Untracked 
|  73|0x000000070b600000, 0x000000070b600000, 0x000000070b800000|  0%| F|  |TAMS 0x000000070b600000, 0x000000070b600000| Untracked 
|  74|0x000000070b800000, 0x000000070b800000, 0x000000070ba00000|  0%| F|  |TAMS 0x000000070b800000, 0x000000070b800000| Untracked 
|  75|0x000000070ba00000, 0x000000070ba00000, 0x000000070bc00000|  0%| F|  |TAMS 0x000000070ba00000, 0x000000070ba00000| Untracked 
|  76|0x000000070bc00000, 0x000000070bc00000, 0x000000070be00000|  0%| F|  |TAMS 0x000000070bc00000, 0x000000070bc00000| Untracked 
|  77|0x000000070be00000, 0x000000070be00000, 0x000000070c000000|  0%| F|  |TAMS 0x000000070be00000, 0x000000070be00000| Untracked 
|  78|0x000000070c000000, 0x000000070c000000, 0x000000070c200000|  0%| F|  |TAMS 0x000000070c000000, 0x000000070c000000| Untracked 
|  79|0x000000070c200000, 0x000000070c200000, 0x000000070c400000|  0%| F|  |TAMS 0x000000070c200000, 0x000000070c200000| Untracked 
|  80|0x000000070c400000, 0x000000070c400000, 0x000000070c600000|  0%| F|  |TAMS 0x000000070c400000, 0x000000070c400000| Untracked 
|  81|0x000000070c600000, 0x000000070c600000, 0x000000070c800000|  0%| F|  |TAMS 0x000000070c600000, 0x000000070c600000| Untracked 
|  82|0x000000070c800000, 0x000000070c800000, 0x000000070ca00000|  0%| F|  |TAMS 0x000000070c800000, 0x000000070c800000| Untracked 
|  83|0x000000070ca00000, 0x000000070ca00000, 0x000000070cc00000|  0%| F|  |TAMS 0x000000070ca00000, 0x000000070ca00000| Untracked 
|  84|0x000000070cc00000, 0x000000070cc00000, 0x000000070ce00000|  0%| F|  |TAMS 0x000000070cc00000, 0x000000070cc00000| Untracked 
|  85|0x000000070ce00000, 0x000000070ce00000, 0x000000070d000000|  0%| F|  |TAMS 0x000000070ce00000, 0x000000070ce00000| Untracked 
|  86|0x000000070d000000, 0x000000070d000000, 0x000000070d200000|  0%| F|  |TAMS 0x000000070d000000, 0x000000070d000000| Untracked 
|  87|0x000000070d200000, 0x000000070d200000, 0x000000070d400000|  0%| F|  |TAMS 0x000000070d200000, 0x000000070d200000| Untracked 
|  88|0x000000070d400000, 0x000000070d400000, 0x000000070d600000|  0%| F|  |TAMS 0x000000070d400000, 0x000000070d400000| Untracked 
|  89|0x000000070d600000, 0x000000070d600000, 0x000000070d800000|  0%| F|  |TAMS 0x000000070d600000, 0x000000070d600000| Untracked 
|  90|0x000000070d800000, 0x000000070d800000, 0x000000070da00000|  0%| F|  |TAMS 0x000000070d800000, 0x000000070d800000| Untracked 
|  91|0x000000070da00000, 0x000000070da00000, 0x000000070dc00000|  0%| F|  |TAMS 0x000000070da00000, 0x000000070da00000| Untracked 
|  92|0x000000070dc00000, 0x000000070dc00000, 0x000000070de00000|  0%| F|  |TAMS 0x000000070dc00000, 0x000000070dc00000| Untracked 
|  93|0x000000070de00000, 0x000000070de00000, 0x000000070e000000|  0%| F|  |TAMS 0x000000070de00000, 0x000000070de00000| Untracked 
|  94|0x000000070e000000, 0x000000070e000000, 0x000000070e200000|  0%| F|  |TAMS 0x000000070e000000, 0x000000070e000000| Untracked 
|  95|0x000000070e200000, 0x000000070e200000, 0x000000070e400000|  0%| F|  |TAMS 0x000000070e200000, 0x000000070e200000| Untracked 
|  96|0x000000070e400000, 0x000000070e400000, 0x000000070e600000|  0%| F|  |TAMS 0x000000070e400000, 0x000000070e400000| Untracked 
|  97|0x000000070e600000, 0x000000070e600000, 0x000000070e800000|  0%| F|  |TAMS 0x000000070e600000, 0x000000070e600000| Untracked 
|  98|0x000000070e800000, 0x000000070e800000, 0x000000070ea00000|  0%| F|  |TAMS 0x000000070e800000, 0x000000070e800000| Untracked 
|  99|0x000000070ea00000, 0x000000070ea00000, 0x000000070ec00000|  0%| F|  |TAMS 0x000000070ea00000, 0x000000070ea00000| Untracked 
| 100|0x000000070ec00000, 0x000000070ec00000, 0x000000070ee00000|  0%| F|  |TAMS 0x000000070ec00000, 0x000000070ec00000| Untracked 
| 101|0x000000070ee00000, 0x000000070ee00000, 0x000000070f000000|  0%| F|  |TAMS 0x000000070ee00000, 0x000000070ee00000| Untracked 
| 102|0x000000070f000000, 0x000000070f000000, 0x000000070f200000|  0%| F|  |TAMS 0x000000070f000000, 0x000000070f000000| Untracked 
| 103|0x000000070f200000, 0x000000070f200000, 0x000000070f400000|  0%| F|  |TAMS 0x000000070f200000, 0x000000070f200000| Untracked 
| 104|0x000000070f400000, 0x000000070f400000, 0x000000070f600000|  0%| F|  |TAMS 0x000000070f400000, 0x000000070f400000| Untracked 
| 105|0x000000070f600000, 0x000000070f600000, 0x000000070f800000|  0%| F|  |TAMS 0x000000070f600000, 0x000000070f600000| Untracked 
| 106|0x000000070f800000, 0x000000070f800000, 0x000000070fa00000|  0%| F|  |TAMS 0x000000070f800000, 0x000000070f800000| Untracked 
| 107|0x000000070fa00000, 0x000000070fa00000, 0x000000070fc00000|  0%| F|  |TAMS 0x000000070fa00000, 0x000000070fa00000| Untracked 
| 108|0x000000070fc00000, 0x000000070fc00000, 0x000000070fe00000|  0%| F|  |TAMS 0x000000070fc00000, 0x000000070fc00000| Untracked 
| 109|0x000000070fe00000, 0x000000070fe00000, 0x0000000710000000|  0%| F|  |TAMS 0x000000070fe00000, 0x000000070fe00000| Untracked 
| 110|0x0000000710000000, 0x0000000710000000, 0x0000000710200000|  0%| F|  |TAMS 0x0000000710000000, 0x0000000710000000| Untracked 
| 111|0x0000000710200000, 0x0000000710200000, 0x0000000710400000|  0%| F|  |TAMS 0x0000000710200000, 0x0000000710200000| Untracked 
| 112|0x0000000710400000, 0x0000000710400000, 0x0000000710600000|  0%| F|  |TAMS 0x0000000710400000, 0x0000000710400000| Untracked 
| 113|0x0000000710600000, 0x0000000710600000, 0x0000000710800000|  0%| F|  |TAMS 0x0000000710600000, 0x0000000710600000| Untracked 
| 114|0x0000000710800000, 0x0000000710800000, 0x0000000710a00000|  0%| F|  |TAMS 0x0000000710800000, 0x0000000710800000| Untracked 
| 115|0x0000000710a00000, 0x0000000710a00000, 0x0000000710c00000|  0%| F|  |TAMS 0x0000000710a00000, 0x0000000710a00000| Untracked 
| 116|0x0000000710c00000, 0x0000000710c00000, 0x0000000710e00000|  0%| F|  |TAMS 0x0000000710c00000, 0x0000000710c00000| Untracked 
| 117|0x0000000710e00000, 0x0000000710e00000, 0x0000000711000000|  0%| F|  |TAMS 0x0000000710e00000, 0x0000000710e00000| Untracked 
| 118|0x0000000711000000, 0x0000000711000000, 0x0000000711200000|  0%| F|  |TAMS 0x0000000711000000, 0x0000000711000000| Untracked 
| 119|0x0000000711200000, 0x0000000711200000, 0x0000000711400000|  0%| F|  |TAMS 0x0000000711200000, 0x0000000711200000| Untracked 
| 120|0x0000000711400000, 0x0000000711400000, 0x0000000711600000|  0%| F|  |TAMS 0x0000000711400000, 0x0000000711400000| Untracked 
| 121|0x0000000711600000, 0x0000000711600000, 0x0000000711800000|  0%| F|  |TAMS 0x0000000711600000, 0x0000000711600000| Untracked 
| 122|0x0000000711800000, 0x0000000711800000, 0x0000000711a00000|  0%| F|  |TAMS 0x0000000711800000, 0x0000000711800000| Untracked 
| 123|0x0000000711a00000, 0x0000000711a00000, 0x0000000711c00000|  0%| F|  |TAMS 0x0000000711a00000, 0x0000000711a00000| Untracked 
| 124|0x0000000711c00000, 0x0000000711c00000, 0x0000000711e00000|  0%| F|  |TAMS 0x0000000711c00000, 0x0000000711c00000| Untracked 
| 125|0x0000000711e00000, 0x0000000711ecd670, 0x0000000712000000| 40%| E|  |TAMS 0x0000000711e00000, 0x0000000711e00000| Complete 
| 126|0x0000000712000000, 0x0000000712200000, 0x0000000712200000|100%| E|CS|TAMS 0x0000000712000000, 0x0000000712000000| Complete 

Card table byte_map: [0x000001b647b50000,0x000001b648340000] _byte_map_base: 0x000001b64433e000

Marking Bits (Prev, Next): (CMBitMap*) 0x000001b640d228e0, (CMBitMap*) 0x000001b640d22920
 Prev Bits: [0x000001b648b30000, 0x000001b64caa0000)
 Next Bits: [0x000001b64caa0000, 0x000001b650a10000)

Polling page: 0x000001b640450000

Metaspace:

Usage:
  Non-class:      5.31 MB used.
      Class:    506.90 KB used.
       Both:      5.81 MB used.

Virtual space:
  Non-class space:       64.00 MB reserved,       5.38 MB (  8%) committed,  1 nodes.
      Class space:        1.00 GB reserved,     512.00 KB ( <1%) committed,  1 nodes.
             Both:        1.06 GB reserved,       5.88 MB ( <1%) committed. 

Chunk freelists:
   Non-Class:  10.50 MB
       Class:  15.50 MB
        Both:  26.00 MB

MaxMetaspaceSize: unlimited
CompressedClassSpaceSize: 1.00 GB
Initial GC threshold: 21.00 MB
Current GC threshold: 21.00 MB
CDS: off
MetaspaceReclaimPolicy: balanced
 - commit_granule_bytes: 65536.
 - commit_granule_words: 8192.
 - virtual_space_node_default_size: 8388608.
 - enlarge_chunks_in_place: 1.
 - new_chunks_are_fully_committed: 0.
 - uncommit_free_chunks: 1.
 - use_allocation_guard: 0.
 - handle_deallocations: 1.


Internal statistics:

num_allocs_failed_limit: 0.
num_arena_births: 4.
num_arena_deaths: 0.
num_vsnodes_births: 2.
num_vsnodes_deaths: 0.
num_space_committed: 94.
num_space_uncommitted: 0.
num_chunks_returned_to_freelist: 0.
num_chunks_taken_from_freelist: 13.
num_chunk_merges: 0.
num_chunk_splits: 4.
num_chunks_enlarged: 1.
num_inconsistent_stats: 0.

CodeCache: size=49152Kb used=2409Kb max_used=2409Kb free=46742Kb
 bounds [0x000001b644360000, 0x000001b6445d0000, 0x000001b647360000]
 total_blobs=545 nmethods=202 adapters=269
 compilation: enabled
              stopped_count=0, restarted_count=0
 full_count=0

Compilation events (20 events):
Event: 0.181 Thread 0x000001b6534aad90  193       1       jdk.internal.jimage.ImageStringsReader::unmaskedHashCode (166 bytes)
Event: 0.182 Thread 0x000001b6534c2a70  194       1       java.nio.Buffer::limit (5 bytes)
Event: 0.182 Thread 0x000001b6534c2a70 nmethod 194 0x000001b6445b7010 code [0x000001b6445b71a0, 0x000001b6445b7278]
Event: 0.182 Thread 0x000001b6534aad90 nmethod 193 0x000001b6445b7310 code [0x000001b6445b74e0, 0x000001b6445b79f8]
Event: 0.182 Thread 0x000001b6534aad90  195       1       java.lang.AbstractStringBuilder::<init> (39 bytes)
Event: 0.182 Thread 0x000001b6534aad90 nmethod 195 0x000001b6445b7d90 code [0x000001b6445b7f20, 0x000001b6445b80d8]
Event: 0.183 Thread 0x000001b6534aad90  196       1       java.lang.StringBuilder::toString (35 bytes)
Event: 0.183 Thread 0x000001b6534aad90 nmethod 196 0x000001b6445b8190 code [0x000001b6445b8340, 0x000001b6445b8578]
Event: 0.183 Thread 0x000001b6534aad90  197       1       java.lang.StringBuilder::append (8 bytes)
Event: 0.183 Thread 0x000001b6533090f0  198       1       java.lang.AbstractStringBuilder::append (77 bytes)
Event: 0.183 Thread 0x000001b6534aad90 nmethod 197 0x000001b6445b8690 code [0x000001b6445b8820, 0x000001b6445b8908]
Event: 0.183 Thread 0x000001b6533090f0 nmethod 198 0x000001b6445b8990 code [0x000001b6445b8b40, 0x000001b6445b8da8]
Event: 0.183 Thread 0x000001b6534aad90  199       1       java.lang.String::startsWith (138 bytes)
Event: 0.184 Thread 0x000001b6534aad90 nmethod 199 0x000001b6445b8f10 code [0x000001b6445b90c0, 0x000001b6445b9378]
Event: 0.185 Thread 0x000001b6534aad90  200       1       java.io.WinNTFileSystem::isSlash (18 bytes)
Event: 0.185 Thread 0x000001b6534aad90 nmethod 200 0x000001b6445b9510 code [0x000001b6445b96a0, 0x000001b6445b9798]
Event: 0.186 Thread 0x000001b6534aad90  201       1       sun.nio.fs.WindowsPathParser::isSlash (18 bytes)
Event: 0.186 Thread 0x000001b6533090f0  202       1       sun.nio.fs.WindowsPathParser::isInvalidPathChar (22 bytes)
Event: 0.186 Thread 0x000001b6534aad90 nmethod 201 0x000001b6445b9b10 code [0x000001b6445b9ca0, 0x000001b6445b9d78]
Event: 0.186 Thread 0x000001b6533090f0 nmethod 202 0x000001b6445b9e10 code [0x000001b6445b9fa0, 0x000001b6445ba0a8]

GC Heap History (0 events):
No events

Dll operation events (2 events):
Event: 0.007 Loaded shared library C:\Users\KOREAVC\Downloads\eclipse-jee-2024-03-R-win32-x86_64\eclipse\plugins\org.eclipse.justj.openjdk.hotspot.jre.full.win32.x86_64_17.0.10.v20240120-1143\jre\bin\java.dll
Event: 0.179 Loaded shared library C:\Users\KOREAVC\Downloads\eclipse-jee-2024-03-R-win32-x86_64\eclipse\plugins\org.eclipse.justj.openjdk.hotspot.jre.full.win32.x86_64_17.0.10.v20240120-1143\jre\bin\jimage.dll

Deoptimization events (0 events):
No events

Classes unloaded (0 events):
No events

Classes redefined (0 events):
No events

Internal exceptions (0 events):
No events

VM Operations (2 events):
Event: 0.160 Executing VM operation: HandshakeAllThreads
Event: 0.160 Executing VM operation: HandshakeAllThreads done

Events (20 events):
Event: 0.187 loading class java/nio/file/attribute/DosFileAttributes
Event: 0.187 loading class java/nio/file/attribute/DosFileAttributes done
Event: 0.187 loading class sun/nio/fs/WindowsFileAttributes done
Event: 0.187 loading class sun/nio/fs/NativeBuffers
Event: 0.187 loading class sun/nio/fs/NativeBuffers done
Event: 0.187 loading class sun/nio/fs/NativeBuffers$1
Event: 0.187 loading class jdk/internal/misc/TerminatingThreadLocal
Event: 0.187 loading class jdk/internal/misc/TerminatingThreadLocal done
Event: 0.187 loading class sun/nio/fs/NativeBuffers$1 done
Event: 0.187 loading class jdk/internal/misc/TerminatingThreadLocal$1
Event: 0.187 loading class jdk/internal/misc/TerminatingThreadLocal$1 done
Event: 0.187 loading class java/lang/ThreadLocal$ThreadLocalMap
Event: 0.187 loading class java/lang/ThreadLocal$ThreadLocalMap done
Event: 0.187 loading class java/lang/ThreadLocal$ThreadLocalMap$Entry
Event: 0.187 loading class java/lang/ThreadLocal$ThreadLocalMap$Entry done
Event: 0.187 loading class java/util/IdentityHashMap
Event: 0.188 loading class java/util/IdentityHashMap done
Event: 0.188 loading class java/util/IdentityHashMap$KeySet
Event: 0.188 loading class java/util/IdentityHashMap$KeySet done
Event: 0.188 loading class sun/nio/fs/NativeBuffer


Dynamic libraries:
0x00007ff703950000 - 0x00007ff70395e000 	C:\Users\KOREAVC\Downloads\eclipse-jee-2024-03-R-win32-x86_64\eclipse\plugins\org.eclipse.justj.openjdk.hotspot.jre.full.win32.x86_64_17.0.10.v20240120-1143\jre\bin\javaw.exe
0x00007ffe17910000 - 0x00007ffe17b27000 	C:\WINDOWS\SYSTEM32\ntdll.dll
0x00007ffe16190000 - 0x00007ffe16254000 	C:\WINDOWS\System32\KERNEL32.DLL
0x00007ffe14c40000 - 0x00007ffe14fec000 	C:\WINDOWS\System32\KERNELBASE.dll
0x00007ffe15050000 - 0x00007ffe15161000 	C:\WINDOWS\System32\ucrtbase.dll
0x00007ffe07990000 - 0x00007ffe079ab000 	C:\Users\KOREAVC\Downloads\eclipse-jee-2024-03-R-win32-x86_64\eclipse\plugins\org.eclipse.justj.openjdk.hotspot.jre.full.win32.x86_64_17.0.10.v20240120-1143\jre\bin\VCRUNTIME140.dll
0x00007ffe0ab60000 - 0x00007ffe0ab77000 	C:\Users\KOREAVC\Downloads\eclipse-jee-2024-03-R-win32-x86_64\eclipse\plugins\org.eclipse.justj.openjdk.hotspot.jre.full.win32.x86_64_17.0.10.v20240120-1143\jre\bin\jli.dll
0x00007ffe17720000 - 0x00007ffe178ce000 	C:\WINDOWS\System32\USER32.dll
0x00007ffe14ff0000 - 0x00007ffe15016000 	C:\WINDOWS\System32\win32u.dll
0x00007ffdf4860000 - 0x00007ffdf4af3000 	C:\WINDOWS\WinSxS\amd64_microsoft.windows.common-controls_6595b64144ccf1df_6.0.22621.3672_none_2713b9d173822955\COMCTL32.dll
0x00007ffe16ac0000 - 0x00007ffe16ae9000 	C:\WINDOWS\System32\GDI32.dll
0x00007ffe16db0000 - 0x00007ffe16e57000 	C:\WINDOWS\System32\msvcrt.dll
0x00007ffe154b0000 - 0x00007ffe155c9000 	C:\WINDOWS\System32\gdi32full.dll
0x00007ffe151e0000 - 0x00007ffe1527a000 	C:\WINDOWS\System32\msvcp_win.dll
0x00007ffe16e60000 - 0x00007ffe16e91000 	C:\WINDOWS\System32\IMM32.DLL
0x00007ffe119b0000 - 0x00007ffe119bc000 	C:\Users\KOREAVC\Downloads\eclipse-jee-2024-03-R-win32-x86_64\eclipse\plugins\org.eclipse.justj.openjdk.hotspot.jre.full.win32.x86_64_17.0.10.v20240120-1143\jre\bin\vcruntime140_1.dll
0x00007ffdf74a0000 - 0x00007ffdf752d000 	C:\Users\KOREAVC\Downloads\eclipse-jee-2024-03-R-win32-x86_64\eclipse\plugins\org.eclipse.justj.openjdk.hotspot.jre.full.win32.x86_64_17.0.10.v20240120-1143\jre\bin\msvcp140.dll
0x00007ffdd6c00000 - 0x00007ffdd7862000 	C:\Users\KOREAVC\Downloads\eclipse-jee-2024-03-R-win32-x86_64\eclipse\plugins\org.eclipse.justj.openjdk.hotspot.jre.full.win32.x86_64_17.0.10.v20240120-1143\jre\bin\server\jvm.dll
0x00007ffe15910000 - 0x00007ffe159c2000 	C:\WINDOWS\System32\ADVAPI32.dll
0x00007ffe16260000 - 0x00007ffe1630a000 	C:\WINDOWS\System32\sechost.dll
0x00007ffe15020000 - 0x00007ffe15048000 	C:\WINDOWS\System32\bcrypt.dll
0x00007ffe159d0000 - 0x00007ffe15ae5000 	C:\WINDOWS\System32\RPCRT4.dll
0x00007ffe14b00000 - 0x00007ffe14b4d000 	C:\WINDOWS\SYSTEM32\POWRPROF.dll
0x00007ffe094f0000 - 0x00007ffe094f9000 	C:\WINDOWS\SYSTEM32\WSOCK32.dll
0x00007ffe15710000 - 0x00007ffe15781000 	C:\WINDOWS\System32\WS2_32.dll
0x00007ffe096a0000 - 0x00007ffe096d4000 	C:\WINDOWS\SYSTEM32\WINMM.dll
0x00007ffe11960000 - 0x00007ffe1196a000 	C:\WINDOWS\SYSTEM32\VERSION.dll
0x00007ffe14ae0000 - 0x00007ffe14af3000 	C:\WINDOWS\SYSTEM32\UMPDC.dll
0x00007ffe13c70000 - 0x00007ffe13c88000 	C:\WINDOWS\SYSTEM32\kernel.appcore.dll
0x00007ffe0f7b0000 - 0x00007ffe0f7ba000 	C:\Users\KOREAVC\Downloads\eclipse-jee-2024-03-R-win32-x86_64\eclipse\plugins\org.eclipse.justj.openjdk.hotspot.jre.full.win32.x86_64_17.0.10.v20240120-1143\jre\bin\jimage.dll
0x00007ffe0f0b0000 - 0x00007ffe0f2e2000 	C:\WINDOWS\SYSTEM32\DBGHELP.DLL
0x00007ffe166d0000 - 0x00007ffe16a58000 	C:\WINDOWS\System32\combase.dll
0x00007ffe15fc0000 - 0x00007ffe16097000 	C:\WINDOWS\System32\OLEAUT32.dll
0x00007ffe0ef40000 - 0x00007ffe0ef72000 	C:\WINDOWS\SYSTEM32\dbgcore.DLL
0x00007ffe155d0000 - 0x00007ffe1564b000 	C:\WINDOWS\System32\bcryptPrimitives.dll
0x00007ffe07550000 - 0x00007ffe07575000 	C:\Users\KOREAVC\Downloads\eclipse-jee-2024-03-R-win32-x86_64\eclipse\plugins\org.eclipse.justj.openjdk.hotspot.jre.full.win32.x86_64_17.0.10.v20240120-1143\jre\bin\java.dll
0x00007ffe07970000 - 0x00007ffe07988000 	C:\Users\KOREAVC\Downloads\eclipse-jee-2024-03-R-win32-x86_64\eclipse\plugins\org.eclipse.justj.openjdk.hotspot.jre.full.win32.x86_64_17.0.10.v20240120-1143\jre\bin\zip.dll
0x00007ffe16ea0000 - 0x00007ffe176fc000 	C:\WINDOWS\System32\SHELL32.dll
0x00007ffe12b90000 - 0x00007ffe13487000 	C:\WINDOWS\SYSTEM32\windows.storage.dll
0x00007ffe12a50000 - 0x00007ffe12b8f000 	C:\WINDOWS\SYSTEM32\wintypes.dll
0x00007ffe15790000 - 0x00007ffe15884000 	C:\WINDOWS\System32\SHCORE.dll
0x00007ffe160a0000 - 0x00007ffe160fe000 	C:\WINDOWS\System32\shlwapi.dll
0x00007ffe14b70000 - 0x00007ffe14b91000 	C:\WINDOWS\SYSTEM32\profapi.dll

dbghelp: loaded successfully - version: 4.0.5 - missing functions: none
symbol engine: initialized successfully - sym options: 0x614 - pdb path: .;C:\Users\KOREAVC\Downloads\eclipse-jee-2024-03-R-win32-x86_64\eclipse\plugins\org.eclipse.justj.openjdk.hotspot.jre.full.win32.x86_64_17.0.10.v20240120-1143\jre\bin;C:\WINDOWS\SYSTEM32;C:\WINDOWS\WinSxS\amd64_microsoft.windows.common-controls_6595b64144ccf1df_6.0.22621.3672_none_2713b9d173822955;C:\Users\KOREAVC\Downloads\eclipse-jee-2024-03-R-win32-x86_64\eclipse\plugins\org.eclipse.justj.openjdk.hotspot.jre.full.win32.x86_64_17.0.10.v20240120-1143\jre\bin\server

VM Arguments:
jvm_args: -Dcom.sun.management.jmxremote -Dcom.sun.management.jmxremote.port=52177 -Dcom.sun.management.jmxremote.authenticate=false -Dcom.sun.management.jmxremote.ssl=false -Djava.rmi.server.hostname=localhost -Dspring.jmx.enabled=true -Dmanagement.endpoints.jmx.exposure.include=* -Dspring.application.admin.enabled=true -XX:TieredStopAtLevel=1 -Dspring.boot.project.name=dailyNT -Dfile.encoding=UTF-8 -Dstdout.encoding=UTF-8 -Dstderr.encoding=UTF-8 -XX:+ShowCodeDetailsInExceptionMessages 
java_command: com.avi6.DailyNtApplication --spring.output.ansi.enabled=always
java_class_path (initial): C:\Users\KOREAVC\eclipse-workspace\dailyNT\bin\main;C:\Users\KOREAVC\.gradle\caches\modules-2\files-2.1\org.projectlombok\lombok\1.18.32\17d46b3e205515e1e8efd3ee4d57ce8018914163\lombok-1.18.32.jar;C:\Users\KOREAVC\.gradle\caches\modules-2\files-2.1\org.springframework.boot\spring-boot-starter-data-jpa\3.3.0\daa6f75f99e68f11f473a5681955764ff4d4b024\spring-boot-starter-data-jpa-3.3.0.jar;C:\Users\KOREAVC\.gradle\caches\modules-2\files-2.1\org.springframework.boot\spring-boot-starter-web\3.3.0\d8f587bc52e6c31dc4f161a49ce8f5e19f8853a9\spring-boot-starter-web-3.3.0.jar;C:\Users\KOREAVC\.gradle\caches\modules-2\files-2.1\org.springframework.boot\spring-boot-starter-aop\3.3.0\f160f43a3f58618c92677d249a64def02a76830c\spring-boot-starter-aop-3.3.0.jar;C:\Users\KOREAVC\.gradle\caches\modules-2\files-2.1\org.springframework.boot\spring-boot-starter-jdbc\3.3.0\d2521191455fbf05c8d5bb49f39cb6d8fcb004b\spring-boot-starter-jdbc-3.3.0.jar;C:\Users\KOREAVC\.gradle\caches\modules-2\files-2.1\org.hibernate.orm\hibernate-core\6.5.2.Final\e9e0cc47f6cd2b2553968aee66bd9e55e7485221\hibernate-core-6.5.2.Final.jar;C:\Users\KOREAVC\.gradle\caches\modules-2\files-2.1\org.springframework.data\spring-data-jpa\3.3.0\b1a00d814eeffd3024ddc9967b8f1e38d6f9deb7\spring-data-jpa-3.3.0.jar;C:\Users\KOREAVC\.gradle\caches\modules-2\files-2.1\org.springframework\spring-aspects\6.1.8\14565483b4dc6171a8d28f953cb202ecbf8fbd0e\spring-aspects-6.1.8.jar;C:\Users\KOREAVC\.gradle\caches\modules-2\files-2.1\org.springframework.boot\spring-boot-starter-json\3.3.0\1c9938093b372602f121e2b073f490897388cc71\spring-boot-starter-json-3.3.0.jar;C:\Users\KOREAVC\.gradle\caches\modules-2\files-2.1\org.springframework.boot\spring-boot-starter\3.3.0\1af929e0fcb10c2bfc3f3619f4ca9049bd927b\spring-boot-starter-3.3.0.jar;C:\Users\KOREAVC\.gradle\caches\modules-2\files-2.1\org.springframework.boot\spring-boot-starter-tomcat\3.3.0\f9cdd6f3976d307e10cce065349e331d7162faf2\spring-boot-starter-tomcat-3.3.0.j
Launcher Type: SUN_STANDARD

[Global flags]
     intx CICompilerCount                          = 3                                         {product} {ergonomic}
     uint ConcGCThreads                            = 2                                         {product} {ergonomic}
     uint G1ConcRefinementThreads                  = 6                                         {product} {ergonomic}
   size_t G1HeapRegionSize                         = 2097152                                   {product} {ergonomic}
    uintx GCDrainStackTargetSize                   = 64                                        {product} {ergonomic}
   size_t InitialHeapSize                          = 266338304                                 {product} {ergonomic}
     bool ManagementServer                         = true                                      {product} {command line}
   size_t MarkStackSize                            = 4194304                                   {product} {ergonomic}
   size_t MaxHeapSize                              = 4257218560                                {product} {ergonomic}
   size_t MaxNewSize                               = 2554331136                                {product} {ergonomic}
   size_t MinHeapDeltaBytes                        = 2097152                                   {product} {ergonomic}
   size_t MinHeapSize                              = 8388608                                   {product} {ergonomic}
    uintx NonProfiledCodeHeapSize                  = 0                                      {pd product} {ergonomic}
     bool ProfileInterpreter                       = false                                  {pd product} {command line}
    uintx ProfiledCodeHeapSize                     = 0                                      {pd product} {ergonomic}
     bool ShowCodeDetailsInExceptionMessages       = true                                   {manageable} {command line}
   size_t SoftMaxHeapSize                          = 4257218560                             {manageable} {ergonomic}
     intx TieredStopAtLevel                        = 1                                         {product} {command line}
     bool UseCompressedClassPointers               = true                           {product lp64_product} {ergonomic}
     bool UseCompressedOops                        = true                           {product lp64_product} {ergonomic}
     bool UseG1GC                                  = true                                      {product} {ergonomic}
     bool UseLargePagesIndividualAllocation        = false                                  {pd product} {ergonomic}

Logging:
Log output configuration:
 #0: stdout all=warning uptime,level,tags
 #1: stderr all=off uptime,level,tags

Environment Variables:
JAVA_HOME=C:\Program Files\Java\jdk-17
PATH=C:/eclipse//plugins/org.eclipse.justj.openjdk.hotspot.jre.full.win32.x86_64_17.0.10.v20240120-1143/jre/bin/server;C:/eclipse//plugins/org.eclipse.justj.openjdk.hotspot.jre.full.win32.x86_64_17.0.10.v20240120-1143/jre/bin;C:\Program Files\Java\jdk-17\bin;C:\oraclexe\app\oracle\product\11.2.0\server\bin;C:\Program Files\Common Files\Oracle\Java\javapath;C:\WINDOWS\system32;C:\WINDOWS;C:\WINDOWS\System32\Wbem;C:\WINDOWS\System32\WindowsPowerShell\v1.0\;C:\WINDOWS\System32\OpenSSH\;C:\Program Files\Bandizip\;C:\Program Files\nodejs\;C:\Users\KOREAVC\AppData\Local\Microsoft\WindowsApps;;C:\Program Files\JetBrains\IntelliJ IDEA Community Edition 2022.1.3\bin;;C:\Users\KOREAVC\AppData\Roaming\npm;C:\Users\KOREAVC\AppData\Local\Programs\Microsoft VS Code\bin;C:\eclipse;
USERNAME=KOREAVC
OS=Windows_NT
PROCESSOR_IDENTIFIER=Intel64 Family 6 Model 158 Stepping 10, GenuineIntel
TMP=C:\Users\KOREAVC\AppData\Local\Temp
TEMP=C:\Users\KOREAVC\AppData\Local\Temp



Periodic native trim disabled


---------------  S Y S T E M  ---------------

OS:
 Windows 11 , 64 bit Build 22621 (10.0.22621.3672)
OS uptime: 1 days 0:17 hours

CPU: total 6 (initial active 6) (6 cores per cpu, 1 threads per core) family 6 model 158 stepping 10 microcode 0xde, cx8, cmov, fxsr, mmx, 3dnowpref, sse, sse2, sse3, ssse3, sse4.1, sse4.2, popcnt, lzcnt, tsc, tscinvbit, avx, avx2, aes, erms, clmul, bmi1, bmi2, adx, fma, vzeroupper, clflush, clflushopt
Processor Information for all 6 processors :
  Max Mhz: 2808, Current Mhz: 2808, Mhz Limit: 2808

Memory: 4k page, system-wide physical 16236M (411M free)
TotalPageFile size 29025M (AvailPageFile size 3M)
current process WorkingSet (physical memory assigned to process): 33M, peak: 33M
current process commit charge ("private bytes"): 327M, peak: 327M

vm_info: OpenJDK 64-Bit Server VM (17.0.10+7) for windows-amd64 JRE (17.0.10+7), built on Jan 16 2024 23:25:11 by "admin" with MS VC++ 16.10 / 16.11 (VS2019)

END.
